2025-03-10 00:19:52,850 - Successfully loaded pit (osm_fsq) dataset
2025-03-10 00:19:52,850 - Train size: 2500 | Valid size: 999
2025-03-10 00:19:55,056 - No checkpoint found or resuming is disabled. Starting training from scratch.
2025-03-10 00:19:55,058 - 
*** EPOCH: 1 ***

2025-03-10 00:19:56,585 - Step: 1/79 | Loss: 0.6915411949157715 | Time:1.5141701698303223
2025-03-10 00:19:57,956 - Step: 2/79 | Loss: 0.6466302275657654 | Time:1.3573367595672607
2025-03-10 00:19:59,392 - Step: 3/79 | Loss: 0.5765029191970825 | Time:1.4365484714508057
2025-03-10 00:20:00,642 - Step: 4/79 | Loss: 0.5350304841995239 | Time:1.2496776580810547
2025-03-10 00:20:01,791 - Step: 5/79 | Loss: 0.5243186950683594 | Time:1.150256872177124
2025-03-10 00:20:03,086 - Step: 6/79 | Loss: 0.5439671874046326 | Time:1.2927393913269043
2025-03-10 00:20:04,437 - Step: 7/79 | Loss: 0.36874550580978394 | Time:1.3523762226104736
2025-03-10 00:20:05,785 - Step: 8/79 | Loss: 0.48008668422698975 | Time:1.3474488258361816
2025-03-10 00:20:07,004 - Step: 9/79 | Loss: 0.39526158571243286 | Time:1.2194805145263672
2025-03-10 00:20:08,412 - Step: 10/79 | Loss: 0.4241209924221039 | Time:1.4077718257904053
2025-03-10 00:20:09,748 - Step: 11/79 | Loss: 0.5151774883270264 | Time:1.3359057903289795
2025-03-10 00:20:10,820 - Step: 12/79 | Loss: 0.3462636470794678 | Time:1.0723953247070312
2025-03-10 00:20:12,428 - Step: 13/79 | Loss: 0.3355202376842499 | Time:1.6078824996948242
2025-03-10 00:20:13,645 - Step: 14/79 | Loss: 0.5491334795951843 | Time:1.2166290283203125
2025-03-10 00:20:14,924 - Step: 15/79 | Loss: 0.40588143467903137 | Time:1.278505802154541
2025-03-10 00:20:16,183 - Step: 16/79 | Loss: 0.447496235370636 | Time:1.2600159645080566
2025-03-10 00:20:17,722 - Step: 17/79 | Loss: 0.39344367384910583 | Time:1.538248062133789
2025-03-10 00:20:18,876 - Step: 18/79 | Loss: 0.46425625681877136 | Time:1.1541028022766113
2025-03-10 00:20:20,227 - Step: 19/79 | Loss: 0.32873913645744324 | Time:1.3502464294433594
2025-03-10 00:20:21,664 - Step: 20/79 | Loss: 0.399149626493454 | Time:1.4378809928894043
2025-03-10 00:20:22,925 - Step: 21/79 | Loss: 0.34904491901397705 | Time:1.2611052989959717
2025-03-10 00:20:24,129 - Step: 22/79 | Loss: 0.34004688262939453 | Time:1.2038660049438477
2025-03-10 00:20:25,322 - Step: 23/79 | Loss: 0.3283401131629944 | Time:1.1924705505371094
2025-03-10 00:20:26,604 - Step: 24/79 | Loss: 0.291989266872406 | Time:1.282715082168579
2025-03-10 00:20:27,894 - Step: 25/79 | Loss: 0.2975526750087738 | Time:1.2902860641479492
2025-03-10 00:20:29,187 - Step: 26/79 | Loss: 0.26181942224502563 | Time:1.2920141220092773
2025-03-10 00:20:30,500 - Step: 27/79 | Loss: 0.3181152641773224 | Time:1.313206672668457
2025-03-10 00:20:32,044 - Step: 28/79 | Loss: 0.33044925332069397 | Time:1.5438377857208252
2025-03-10 00:20:33,322 - Step: 29/79 | Loss: 0.5161944031715393 | Time:1.2788338661193848
2025-03-10 00:20:34,509 - Step: 30/79 | Loss: 0.2565780580043793 | Time:1.1868236064910889
2025-03-10 00:20:35,913 - Step: 31/79 | Loss: 0.24015362560749054 | Time:1.4040403366088867
2025-03-10 00:20:37,297 - Step: 32/79 | Loss: 0.36943259835243225 | Time:1.3834102153778076
2025-03-10 00:20:38,493 - Step: 33/79 | Loss: 0.15456897020339966 | Time:1.1961045265197754
2025-03-10 00:20:39,865 - Step: 34/79 | Loss: 0.40027105808258057 | Time:1.3739817142486572
2025-03-10 00:20:41,241 - Step: 35/79 | Loss: 0.35157510638237 | Time:1.3756191730499268
2025-03-10 00:20:42,420 - Step: 36/79 | Loss: 0.2054629623889923 | Time:1.1775095462799072
2025-03-10 00:20:43,597 - Step: 37/79 | Loss: 0.1427312046289444 | Time:1.1776442527770996
2025-03-10 00:20:44,963 - Step: 38/79 | Loss: 0.2920956015586853 | Time:1.3658256530761719
2025-03-10 00:20:46,180 - Step: 39/79 | Loss: 0.1598464846611023 | Time:1.2175958156585693
2025-03-10 00:20:47,238 - Step: 40/79 | Loss: 0.18084058165550232 | Time:1.0568575859069824
2025-03-10 00:20:48,631 - Step: 41/79 | Loss: 0.15122033655643463 | Time:1.39182710647583
2025-03-10 00:20:49,886 - Step: 42/79 | Loss: 0.2911108136177063 | Time:1.2564854621887207
2025-03-10 00:20:51,354 - Step: 43/79 | Loss: 0.21102845668792725 | Time:1.4671657085418701
2025-03-10 00:20:52,663 - Step: 44/79 | Loss: 0.25358739495277405 | Time:1.309699535369873
2025-03-10 00:20:53,942 - Step: 45/79 | Loss: 0.18536125123500824 | Time:1.2794139385223389
2025-03-10 00:20:55,373 - Step: 46/79 | Loss: 0.3903288245201111 | Time:1.4295034408569336
2025-03-10 00:20:56,666 - Step: 47/79 | Loss: 0.14376802742481232 | Time:1.2943809032440186
2025-03-10 00:20:57,960 - Step: 48/79 | Loss: 0.2550649642944336 | Time:1.2943856716156006
2025-03-10 00:20:59,335 - Step: 49/79 | Loss: 0.21549531817436218 | Time:1.3741302490234375
2025-03-10 00:21:00,795 - Step: 50/79 | Loss: 0.23720115423202515 | Time:1.4603102207183838
2025-03-10 00:21:02,068 - Step: 51/79 | Loss: 0.2516588568687439 | Time:1.272637128829956
2025-03-10 00:21:03,377 - Step: 52/79 | Loss: 0.16714981198310852 | Time:1.3088092803955078
2025-03-10 00:21:04,615 - Step: 53/79 | Loss: 0.21222083270549774 | Time:1.237809181213379
2025-03-10 00:21:06,053 - Step: 54/79 | Loss: 0.25285786390304565 | Time:1.4384655952453613
2025-03-10 00:21:07,356 - Step: 55/79 | Loss: 0.2353007048368454 | Time:1.3031799793243408
2025-03-10 00:21:08,714 - Step: 56/79 | Loss: 0.3866732716560364 | Time:1.3576328754425049
2025-03-10 00:21:09,985 - Step: 57/79 | Loss: 0.28487804532051086 | Time:1.2708740234375
2025-03-10 00:21:11,328 - Step: 58/79 | Loss: 0.10755899548530579 | Time:1.343658208847046
2025-03-10 00:21:12,680 - Step: 59/79 | Loss: 0.1714436262845993 | Time:1.3516621589660645
2025-03-10 00:21:13,893 - Step: 60/79 | Loss: 0.21323098242282867 | Time:1.2145216464996338
2025-03-10 00:21:15,239 - Step: 61/79 | Loss: 0.14135873317718506 | Time:1.3451735973358154
2025-03-10 00:21:16,468 - Step: 62/79 | Loss: 0.23039615154266357 | Time:1.2289507389068604
2025-03-10 00:21:17,715 - Step: 63/79 | Loss: 0.2154395878314972 | Time:1.2469596862792969
2025-03-10 00:21:19,029 - Step: 64/79 | Loss: 0.1070673018693924 | Time:1.3135416507720947
2025-03-10 00:21:20,377 - Step: 65/79 | Loss: 0.25712117552757263 | Time:1.3488521575927734
2025-03-10 00:21:21,733 - Step: 66/79 | Loss: 0.20642970502376556 | Time:1.3545668125152588
2025-03-10 00:21:23,078 - Step: 67/79 | Loss: 0.12674693763256073 | Time:1.3466105461120605
2025-03-10 00:21:24,672 - Step: 68/79 | Loss: 0.2070431262254715 | Time:1.5943694114685059
2025-03-10 00:21:26,295 - Step: 69/79 | Loss: 0.15190578997135162 | Time:1.6217007637023926
2025-03-10 00:21:27,412 - Step: 70/79 | Loss: 0.17153295874595642 | Time:1.1172263622283936
2025-03-10 00:21:28,674 - Step: 71/79 | Loss: 0.17523987591266632 | Time:1.2620460987091064
2025-03-10 00:21:30,312 - Step: 72/79 | Loss: 0.2414252907037735 | Time:1.6376490592956543
2025-03-10 00:21:31,796 - Step: 73/79 | Loss: 0.21316871047019958 | Time:1.484311819076538
2025-03-10 00:21:33,075 - Step: 74/79 | Loss: 0.184586763381958 | Time:1.278179407119751
2025-03-10 00:21:34,267 - Step: 75/79 | Loss: 0.16149425506591797 | Time:1.1925840377807617
2025-03-10 00:21:35,649 - Step: 76/79 | Loss: 0.18094998598098755 | Time:1.3813989162445068
2025-03-10 00:21:37,139 - Step: 77/79 | Loss: 0.1630474328994751 | Time:1.4910058975219727
2025-03-10 00:21:38,489 - Step: 78/79 | Loss: 0.1675569713115692 | Time:1.3497297763824463
2025-03-10 00:21:38,679 - Step: 79/79 | Loss: 0.11451765894889832 | Time:0.16132473945617676
2025-03-10 00:21:39,510 - Step: 1/32 | Loss: 0.07251915335655212 | Time:0
2025-03-10 00:21:40,460 - Step: 2/32 | Loss: 0.1653323769569397 | Time:0.833939790725708
2025-03-10 00:21:41,666 - Step: 3/32 | Loss: 0.1196289211511612 | Time:0.9443802833557129
2025-03-10 00:21:42,616 - Step: 4/32 | Loss: 0.14957013726234436 | Time:1.2060189247131348
2025-03-10 00:21:43,548 - Step: 5/32 | Loss: 0.1771642118692398 | Time:0.9512197971343994
2025-03-10 00:21:44,442 - Step: 6/32 | Loss: 0.08460104465484619 | Time:0.9306340217590332
2025-03-10 00:28:04,830 - Successfully loaded pit (osm_fsq) dataset
2025-03-10 00:28:04,830 - Train size: 2500 | Valid size: 999
2025-03-10 00:28:07,751 - No checkpoint found or resuming is disabled. Starting training from scratch.
2025-03-10 00:28:07,753 - 
*** EPOCH: 1 ***

2025-03-10 00:28:09,299 - Step: 1/79 | Loss: 0.6736698150634766 | Time:1.5350756645202637
2025-03-10 00:28:10,499 - Step: 2/79 | Loss: 0.6363881826400757 | Time:1.186370849609375
2025-03-10 00:28:11,818 - Step: 3/79 | Loss: 0.5455484986305237 | Time:1.3178656101226807
2025-03-10 00:28:13,131 - Step: 4/79 | Loss: 0.5953769683837891 | Time:1.313500165939331
2025-03-10 00:28:14,430 - Step: 5/79 | Loss: 0.5626701712608337 | Time:1.299638271331787
2025-03-10 00:28:15,675 - Step: 6/79 | Loss: 0.5453346371650696 | Time:1.2435343265533447
2025-03-10 00:28:16,905 - Step: 7/79 | Loss: 0.4403292238712311 | Time:1.2306289672851562
2025-03-10 00:28:18,192 - Step: 8/79 | Loss: 0.49926280975341797 | Time:1.2876207828521729
2025-03-10 00:28:19,422 - Step: 9/79 | Loss: 0.4547388255596161 | Time:1.2299187183380127
2025-03-10 00:28:20,592 - Step: 10/79 | Loss: 0.36076146364212036 | Time:1.1700325012207031
2025-03-10 00:28:21,785 - Step: 11/79 | Loss: 0.5072749257087708 | Time:1.192903757095337
2025-03-10 00:28:23,091 - Step: 12/79 | Loss: 0.4793906509876251 | Time:1.3058650493621826
2025-03-10 00:28:24,191 - Step: 13/79 | Loss: 0.3991242051124573 | Time:1.0990431308746338
2025-03-10 00:28:25,324 - Step: 14/79 | Loss: 0.40441250801086426 | Time:1.1329741477966309
2025-03-10 00:28:26,612 - Step: 15/79 | Loss: 0.39087599515914917 | Time:1.2880239486694336
2025-03-10 00:28:27,868 - Step: 16/79 | Loss: 0.3956223428249359 | Time:1.2573566436767578
2025-03-10 00:28:28,963 - Step: 17/79 | Loss: 0.311859130859375 | Time:1.0948550701141357
2025-03-10 00:28:30,426 - Step: 18/79 | Loss: 0.39247697591781616 | Time:1.463233470916748
2025-03-10 00:28:31,709 - Step: 19/79 | Loss: 0.394205778837204 | Time:1.2820923328399658
2025-03-10 00:28:33,014 - Step: 20/79 | Loss: 0.35054805874824524 | Time:1.3048341274261475
2025-03-10 00:28:34,368 - Step: 21/79 | Loss: 0.3051980137825012 | Time:1.35422682762146
2025-03-10 00:28:35,590 - Step: 22/79 | Loss: 0.4809183180332184 | Time:1.2225008010864258
2025-03-10 00:28:36,986 - Step: 23/79 | Loss: 0.3743116855621338 | Time:1.3964462280273438
2025-03-10 00:28:38,322 - Step: 24/79 | Loss: 0.3167555034160614 | Time:1.3344027996063232
2025-03-10 00:28:39,425 - Step: 25/79 | Loss: 0.31722527742385864 | Time:1.1031427383422852
2025-03-10 00:28:40,876 - Step: 26/79 | Loss: 0.3077452778816223 | Time:1.4512312412261963
2025-03-10 00:28:42,057 - Step: 27/79 | Loss: 0.3089202046394348 | Time:1.1813201904296875
2025-03-10 00:28:43,394 - Step: 28/79 | Loss: 0.3617498278617859 | Time:1.336531639099121
2025-03-10 00:28:44,593 - Step: 29/79 | Loss: 0.29793423414230347 | Time:1.1998813152313232
2025-03-10 00:28:45,933 - Step: 30/79 | Loss: 0.2929045557975769 | Time:1.3394138813018799
2025-03-10 00:28:47,108 - Step: 31/79 | Loss: 0.3134191632270813 | Time:1.1748104095458984
2025-03-10 00:28:48,635 - Step: 32/79 | Loss: 0.2902066707611084 | Time:1.5271754264831543
2025-03-10 00:28:49,908 - Step: 33/79 | Loss: 0.2298724502325058 | Time:1.2725365161895752
2025-03-10 00:28:51,194 - Step: 34/79 | Loss: 0.223602294921875 | Time:1.2868173122406006
2025-03-10 00:28:52,466 - Step: 35/79 | Loss: 0.21137098968029022 | Time:1.2711009979248047
2025-03-10 00:28:53,701 - Step: 36/79 | Loss: 0.23300758004188538 | Time:1.2355737686157227
2025-03-10 00:28:55,248 - Step: 37/79 | Loss: 0.23334607481956482 | Time:1.547104835510254
2025-03-10 00:28:56,478 - Step: 38/79 | Loss: 0.2722609341144562 | Time:1.2294578552246094
2025-03-10 00:28:57,806 - Step: 39/79 | Loss: 0.16463066637516022 | Time:1.3283178806304932
2025-03-10 00:28:59,050 - Step: 40/79 | Loss: 0.22469671070575714 | Time:1.2443628311157227
2025-03-10 00:29:00,517 - Step: 41/79 | Loss: 0.15507569909095764 | Time:1.466813325881958
2025-03-10 00:29:01,774 - Step: 42/79 | Loss: 0.12252715229988098 | Time:1.257957935333252
2025-03-10 00:29:03,138 - Step: 43/79 | Loss: 0.20006249845027924 | Time:1.3636789321899414
2025-03-10 00:29:04,506 - Step: 44/79 | Loss: 0.24986857175827026 | Time:1.3671085834503174
2025-03-10 00:29:05,750 - Step: 45/79 | Loss: 0.2732158303260803 | Time:1.2444229125976562
2025-03-10 00:29:06,881 - Step: 46/79 | Loss: 0.406802237033844 | Time:1.1312143802642822
2025-03-10 00:29:08,271 - Step: 47/79 | Loss: 0.25181519985198975 | Time:1.3896381855010986
2025-03-10 00:29:09,497 - Step: 48/79 | Loss: 0.16284982860088348 | Time:1.2258565425872803
2025-03-10 00:29:10,856 - Step: 49/79 | Loss: 0.12324895709753036 | Time:1.3595294952392578
2025-03-10 00:29:12,273 - Step: 50/79 | Loss: 0.14029642939567566 | Time:1.4173824787139893
2025-03-10 00:29:13,552 - Step: 51/79 | Loss: 0.2580656111240387 | Time:1.2792422771453857
2025-03-10 00:29:14,752 - Step: 52/79 | Loss: 0.12817174196243286 | Time:1.1988933086395264
2025-03-10 00:29:16,029 - Step: 53/79 | Loss: 0.3125409483909607 | Time:1.2787463665008545
2025-03-10 00:29:17,303 - Step: 54/79 | Loss: 0.20726045966148376 | Time:1.271829605102539
2025-03-10 00:29:18,718 - Step: 55/79 | Loss: 0.4037278890609741 | Time:1.4148271083831787
2025-03-10 00:29:20,110 - Step: 56/79 | Loss: 0.3612835705280304 | Time:1.3927640914916992
2025-03-10 00:29:21,322 - Step: 57/79 | Loss: 0.25291818380355835 | Time:1.212172031402588
2025-03-10 00:29:22,590 - Step: 58/79 | Loss: 0.13192448019981384 | Time:1.267958641052246
2025-03-10 00:29:24,013 - Step: 59/79 | Loss: 0.15639179944992065 | Time:1.4229989051818848
2025-03-10 00:29:25,189 - Step: 60/79 | Loss: 0.268513560295105 | Time:1.1749165058135986
2025-03-10 00:29:26,421 - Step: 61/79 | Loss: 0.1592925637960434 | Time:1.2331840991973877
2025-03-10 00:29:27,733 - Step: 62/79 | Loss: 0.2464519441127777 | Time:1.311370849609375
2025-03-10 00:29:29,302 - Step: 63/79 | Loss: 0.18644531071186066 | Time:1.569699764251709
2025-03-10 00:29:30,541 - Step: 64/79 | Loss: 0.3237379193305969 | Time:1.2390477657318115
2025-03-10 00:29:31,984 - Step: 65/79 | Loss: 0.19233359396457672 | Time:1.4428174495697021
2025-03-10 00:29:33,350 - Step: 66/79 | Loss: 0.2037006914615631 | Time:1.3659863471984863
2025-03-10 00:29:34,612 - Step: 67/79 | Loss: 0.23776112496852875 | Time:1.262991189956665
2025-03-10 00:29:35,848 - Step: 68/79 | Loss: 0.17279022932052612 | Time:1.2350609302520752
2025-03-10 00:29:37,183 - Step: 69/79 | Loss: 0.1326644867658615 | Time:1.3346757888793945
2025-03-10 00:29:38,299 - Step: 70/79 | Loss: 0.19980067014694214 | Time:1.1159262657165527
2025-03-10 00:29:39,673 - Step: 71/79 | Loss: 0.22630397975444794 | Time:1.3742091655731201
2025-03-10 00:29:40,962 - Step: 72/79 | Loss: 0.2745114862918854 | Time:1.2892789840698242
2025-03-10 00:29:42,309 - Step: 73/79 | Loss: 0.20753134787082672 | Time:1.3469164371490479
2025-03-10 00:29:43,466 - Step: 74/79 | Loss: 0.21843668818473816 | Time:1.1566531658172607
2025-03-10 00:29:44,825 - Step: 75/79 | Loss: 0.26458731293678284 | Time:1.3601880073547363
2025-03-10 00:29:46,274 - Step: 76/79 | Loss: 0.272254079580307 | Time:1.4482581615447998
2025-03-10 00:29:47,699 - Step: 77/79 | Loss: 0.22156277298927307 | Time:1.425610065460205
2025-03-10 00:29:49,062 - Step: 78/79 | Loss: 0.0655517429113388 | Time:1.3617355823516846
2025-03-10 00:29:49,226 - Step: 79/79 | Loss: 0.3087175488471985 | Time:0.1353762149810791
2025-03-10 00:29:50,089 - Step: 1/32 | Loss: 0.11826687306165695 | Time:0
2025-03-10 00:29:51,031 - Step: 2/32 | Loss: 0.1569821685552597 | Time:0.8654749393463135
2025-03-10 00:29:52,240 - Step: 3/32 | Loss: 0.1348198503255844 | Time:0.9386138916015625
2025-03-10 00:29:53,177 - Step: 4/32 | Loss: 0.1713721752166748 | Time:1.208254098892212
2025-03-10 00:29:54,130 - Step: 5/32 | Loss: 0.16633467376232147 | Time:0.9378509521484375
2025-03-10 00:29:55,006 - Step: 6/32 | Loss: 0.09604480862617493 | Time:0.951514482498169
2025-03-10 00:29:55,953 - Step: 7/32 | Loss: 0.11128868907690048 | Time:0.8756134510040283
2025-03-10 00:29:57,268 - Step: 8/32 | Loss: 0.14206938445568085 | Time:0.9488770961761475
2025-03-10 00:29:58,222 - Step: 9/32 | Loss: 0.1504291594028473 | Time:1.3136684894561768
2025-03-10 00:29:59,155 - Step: 10/32 | Loss: 0.0658368319272995 | Time:0.9546656608581543
2025-03-10 00:30:00,278 - Step: 11/32 | Loss: 0.2048313319683075 | Time:0.9329335689544678
2025-03-10 00:30:01,258 - Step: 12/32 | Loss: 0.17706213891506195 | Time:1.1232304573059082
2025-03-10 00:30:02,177 - Step: 13/32 | Loss: 0.17833887040615082 | Time:0.9785780906677246
2025-03-10 00:30:03,099 - Step: 14/32 | Loss: 0.14228369295597076 | Time:0.9193339347839355
2025-03-10 00:30:03,995 - Step: 15/32 | Loss: 0.08857892453670502 | Time:0.9225423336029053
2025-03-10 00:30:05,098 - Step: 16/32 | Loss: 0.15151625871658325 | Time:0.8953337669372559
2025-03-10 00:30:06,121 - Step: 17/32 | Loss: 0.09964336454868317 | Time:1.1040425300598145
2025-03-10 00:30:07,146 - Step: 18/32 | Loss: 0.07568833976984024 | Time:1.0220460891723633
2025-03-10 00:30:08,160 - Step: 19/32 | Loss: 0.1795850545167923 | Time:1.0259239673614502
2025-03-10 00:30:08,979 - Step: 20/32 | Loss: 0.11980970203876495 | Time:1.0130722522735596
2025-03-10 00:30:09,959 - Step: 21/32 | Loss: 0.12216294556856155 | Time:0.8190674781799316
2025-03-10 00:30:10,860 - Step: 22/32 | Loss: 0.1819116175174713 | Time:0.9814753532409668
2025-03-10 00:30:11,708 - Step: 23/32 | Loss: 0.17469844222068787 | Time:0.8998448848724365
2025-03-10 00:30:12,683 - Step: 24/32 | Loss: 0.15758536756038666 | Time:0.8484523296356201
2025-03-10 00:30:13,628 - Step: 25/32 | Loss: 0.09410648047924042 | Time:0.9745118618011475
2025-03-10 00:30:14,713 - Step: 26/32 | Loss: 0.07847689837217331 | Time:0.9446003437042236
2025-03-10 00:30:15,807 - Step: 27/32 | Loss: 0.08445674926042557 | Time:1.0855536460876465
2025-03-10 00:30:16,736 - Step: 28/32 | Loss: 0.19642911851406097 | Time:1.0933759212493896
2025-03-10 00:30:17,529 - Step: 29/32 | Loss: 0.1602388173341751 | Time:0.9301581382751465
2025-03-10 00:30:18,400 - Step: 30/32 | Loss: 0.13845323026180267 | Time:0.7925679683685303
2025-03-10 00:30:19,430 - Step: 31/32 | Loss: 0.2385001927614212 | Time:0.8711934089660645
2025-03-10 00:30:19,611 - Step: 32/32 | Loss: 0.2010241448879242 | Time:1.0302479267120361
2025-03-10 00:30:19,612 - Validation - Accuracy: 0.94994994994995, Precision: 0.9166666666666666, Recall: 0.9103448275862069, F1-Score: 0.9134948096885813
2025-03-10 00:30:21,135 - Saved model as model_epoch_1_acc_0.9499.pt
2025-03-10 00:30:21,137 - 
*** EPOCH: 2 ***

2025-03-10 00:30:22,378 - Step: 1/79 | Loss: 0.2071739286184311 | Time:1.215864896774292
2025-03-10 00:30:23,580 - Step: 2/79 | Loss: 0.1154056042432785 | Time:1.2007486820220947
